<?xml version="1.0" encoding="UTF-8"?>
<testng-results ignored="0" total="3" passed="3" failed="0" skipped="0">
  <reporter-output>
    <line>
      <![CDATA[sales page is displayed]]>
    </line>
    <line>
      <![CDATA[sales page is displayed]]>
    </line>
    <line>
      <![CDATA[sales page is displayed]]>
    </line>
  </reporter-output>
  <suite started-at="2024-10-26T17:46:06 IST" name="Suite" finished-at="2024-10-26T17:46:38 IST" duration-ms="32661">
    <groups>
    </groups>
    <test started-at="2024-10-26T17:46:06 IST" name="Test1" finished-at="2024-10-26T17:46:19 IST" duration-ms="13306">
      <class name="TestNg.TestScriptCrossBrowser">
        <test-method is-config="true" signature="launchBrowser(java.lang.String)[pri:0, instance:TestNg.TestScriptCrossBrowser@6e20b53a]" started-at="2024-10-26T17:46:06 IST" name="launchBrowser" finished-at="2024-10-26T17:46:14 IST" duration-ms="8334" status="PASS">
          <params>
            <param index="0">
              <value>
                <![CDATA[Chrome]]>
              </value>
            </param>
          </params>
          <reporter-output>
          </reporter-output>
        </test-method> <!-- launchBrowser -->
        <test-method is-config="true" signature="login()[pri:0, instance:TestNg.TestScriptCrossBrowser@6e20b53a]" started-at="2024-10-26T17:46:14 IST" name="login" finished-at="2024-10-26T17:46:16 IST" duration-ms="2410" status="PASS">
          <reporter-output>
          </reporter-output>
        </test-method> <!-- login -->
        <test-method signature="ClickonSales()[pri:0, instance:TestNg.TestScriptCrossBrowser@6e20b53a]" started-at="2024-10-26T17:46:16 IST" name="ClickonSales" finished-at="2024-10-26T17:46:17 IST" duration-ms="779" status="PASS">
          <reporter-output>
            <line>
              <![CDATA[sales page is displayed]]>
            </line>
          </reporter-output>
        </test-method> <!-- ClickonSales -->
        <test-method is-config="true" signature="logout()[pri:0, instance:TestNg.TestScriptCrossBrowser@6e20b53a]" started-at="2024-10-26T17:46:17 IST" name="logout" finished-at="2024-10-26T17:46:19 IST" duration-ms="1603" status="PASS">
          <reporter-output>
          </reporter-output>
        </test-method> <!-- logout -->
        <test-method is-config="true" signature="closeBrowser()[pri:0, instance:TestNg.TestScriptCrossBrowser@6e20b53a]" started-at="2024-10-26T17:46:19 IST" name="closeBrowser" finished-at="2024-10-26T17:46:19 IST" duration-ms="158" status="PASS">
          <reporter-output>
          </reporter-output>
        </test-method> <!-- closeBrowser -->
      </class> <!-- TestNg.TestScriptCrossBrowser -->
    </test> <!-- Test1 -->
    <test started-at="2024-10-26T17:46:19 IST" name="Test2" finished-at="2024-10-26T17:46:31 IST" duration-ms="12061">
      <class name="TestNg.TestScriptCrossBrowser">
        <test-method is-config="true" signature="launchBrowser(java.lang.String)[pri:0, instance:TestNg.TestScriptCrossBrowser@36bc55de]" started-at="2024-10-26T17:46:19 IST" name="launchBrowser" finished-at="2024-10-26T17:46:28 IST" duration-ms="8721" status="PASS">
          <params>
            <param index="0">
              <value>
                <![CDATA[firefox]]>
              </value>
            </param>
          </params>
          <reporter-output>
          </reporter-output>
        </test-method> <!-- launchBrowser -->
        <test-method is-config="true" signature="login()[pri:0, instance:TestNg.TestScriptCrossBrowser@36bc55de]" started-at="2024-10-26T17:46:28 IST" name="login" finished-at="2024-10-26T17:46:29 IST" duration-ms="1564" status="PASS">
          <reporter-output>
          </reporter-output>
        </test-method> <!-- login -->
        <test-method signature="ClickonSales()[pri:0, instance:TestNg.TestScriptCrossBrowser@36bc55de]" started-at="2024-10-26T17:46:29 IST" name="ClickonSales" finished-at="2024-10-26T17:46:30 IST" duration-ms="210" status="PASS">
          <reporter-output>
            <line>
              <![CDATA[sales page is displayed]]>
            </line>
          </reporter-output>
        </test-method> <!-- ClickonSales -->
        <test-method is-config="true" signature="logout()[pri:0, instance:TestNg.TestScriptCrossBrowser@36bc55de]" started-at="2024-10-26T17:46:30 IST" name="logout" finished-at="2024-10-26T17:46:30 IST" duration-ms="752" status="PASS">
          <reporter-output>
          </reporter-output>
        </test-method> <!-- logout -->
        <test-method is-config="true" signature="closeBrowser()[pri:0, instance:TestNg.TestScriptCrossBrowser@36bc55de]" started-at="2024-10-26T17:46:30 IST" name="closeBrowser" finished-at="2024-10-26T17:46:31 IST" duration-ms="813" status="PASS">
          <reporter-output>
          </reporter-output>
        </test-method> <!-- closeBrowser -->
      </class> <!-- TestNg.TestScriptCrossBrowser -->
    </test> <!-- Test2 -->
    <test started-at="2024-10-26T17:46:31 IST" name="Test3" finished-at="2024-10-26T17:46:38 IST" duration-ms="7195">
      <class name="TestNg.TestScriptCrossBrowser">
        <test-method is-config="true" signature="launchBrowser(java.lang.String)[pri:0, instance:TestNg.TestScriptCrossBrowser@36902638]" started-at="2024-10-26T17:46:31 IST" name="launchBrowser" finished-at="2024-10-26T17:46:36 IST" duration-ms="4666" status="PASS">
          <params>
            <param index="0">
              <value>
                <![CDATA[edge]]>
              </value>
            </param>
          </params>
          <reporter-output>
          </reporter-output>
        </test-method> <!-- launchBrowser -->
        <test-method is-config="true" signature="login()[pri:0, instance:TestNg.TestScriptCrossBrowser@36902638]" started-at="2024-10-26T17:46:36 IST" name="login" finished-at="2024-10-26T17:46:37 IST" duration-ms="1585" status="PASS">
          <reporter-output>
          </reporter-output>
        </test-method> <!-- login -->
        <test-method signature="ClickonSales()[pri:0, instance:TestNg.TestScriptCrossBrowser@36902638]" started-at="2024-10-26T17:46:37 IST" name="ClickonSales" finished-at="2024-10-26T17:46:38 IST" duration-ms="221" status="PASS">
          <reporter-output>
            <line>
              <![CDATA[sales page is displayed]]>
            </line>
          </reporter-output>
        </test-method> <!-- ClickonSales -->
        <test-method is-config="true" signature="logout()[pri:0, instance:TestNg.TestScriptCrossBrowser@36902638]" started-at="2024-10-26T17:46:38 IST" name="logout" finished-at="2024-10-26T17:46:38 IST" duration-ms="537" status="PASS">
          <reporter-output>
          </reporter-output>
        </test-method> <!-- logout -->
        <test-method is-config="true" signature="closeBrowser()[pri:0, instance:TestNg.TestScriptCrossBrowser@36902638]" started-at="2024-10-26T17:46:38 IST" name="closeBrowser" finished-at="2024-10-26T17:46:38 IST" duration-ms="185" status="PASS">
          <reporter-output>
          </reporter-output>
        </test-method> <!-- closeBrowser -->
      </class> <!-- TestNg.TestScriptCrossBrowser -->
    </test> <!-- Test3 -->
  </suite> <!-- Suite -->
</testng-results>
